<?xml version="1.0" encoding="UTF-8"?>
<!-- Generated by org.testng.reporters.JUnitXMLReporter -->
<testsuite hostname="admin-PC" ignored="0" tests="3" failures="0" timestamp="08 Apr 2019 20:12:01 GMT" time="47.541" errors="0">
  <testcase name="welcomePage_shouldLookGood_onDesktopDevice" time="2.548" classname="InternetExplorerTC"/>
  <testcase name="welcomePage_shouldLookGood_onDesktopDevice" time="12.914" classname="FireFoxTC"/>
  <testcase name="welcomePage_shouldLookGood_onDesktopDevice" time="9.139" classname="ChromeTC"/>
</testsuite>
