<?xml version="1.0" encoding="UTF-8"?>
<testng-results skipped="0" failed="1" total="1" passed="0">
  <reporter-output>
  </reporter-output>
  <suite name="Surefire suite" duration-ms="7825" started-at="2019-04-02T18:43:37Z" finished-at="2019-04-02T18:43:45Z">
    <groups>
    </groups>
    <test name="Surefire test" duration-ms="7825" started-at="2019-04-02T18:43:37Z" finished-at="2019-04-02T18:43:45Z">
      <class name="TestMethod">
        <test-method status="PASS" signature="initDriver([Ljava.lang.Object;)[pri:0, instance:TestMethod@af6cff]" name="initDriver" is-config="true" duration-ms="4014" started-at="2019-04-03T00:13:37Z" finished-at="2019-04-03T00:13:41Z">
          <params>
            <param index="0">
              <value>
                <![CDATA[[Ljava.lang.Object;@55af6b]]>
              </value>
            </param>
          </params>
          <reporter-output>
          </reporter-output>
        </test-method> <!-- initDriver -->
        <test-method status="PASS" signature="initReport(java.lang.reflect.Method)[pri:0, instance:TestMethod@af6cff]" name="initReport" is-config="true" duration-ms="7" started-at="2019-04-03T00:13:41Z" finished-at="2019-04-03T00:13:41Z">
          <params>
            <param index="0">
              <value>
                <![CDATA[public void TestMethod.welcomePage_shouldLookGood_onDesktopDevice() throws java.io.IOException]]>
              </value>
            </param>
          </params>
          <reporter-output>
          </reporter-output>
        </test-method> <!-- initReport -->
        <test-method status="FAIL" signature="welcomePage_shouldLookGood_onDesktopDevice()[pri:0, instance:TestMethod@af6cff]" name="welcomePage_shouldLookGood_onDesktopDevice" duration-ms="3096" started-at="2019-04-03T00:13:41Z" finished-at="2019-04-03T00:13:44Z">
          <exception class="java.lang.RuntimeException">
            <message>
              <![CDATA[Incorrect layout: Check layout C:/GITRepo/BCTF/specs/homepage.spec]]>
            </message>
            <full-stacktrace>
              <![CDATA[java.lang.RuntimeException: Incorrect layout: Check layout C:/GITRepo/BCTF/specs/homepage.spec
	at com.galenframework.testng.GalenTestNgTestBase.checkLayout(GalenTestNgTestBase.java:125)
	at com.galenframework.testng.GalenTestNgTestBase.checkLayout(GalenTestNgTestBase.java:107)
	at TestMethod.welcomePage_shouldLookGood_onDesktopDevice(TestMethod.java:39)
	at sun.reflect.NativeMethodAccessorImpl.invoke0(Native Method)
	at sun.reflect.NativeMethodAccessorImpl.invoke(NativeMethodAccessorImpl.java:62)
	at sun.reflect.DelegatingMethodAccessorImpl.invoke(DelegatingMethodAccessorImpl.java:43)
	at java.lang.reflect.Method.invoke(Method.java:498)
	at org.testng.internal.MethodInvocationHelper.invokeMethod(MethodInvocationHelper.java:80)
	at org.testng.internal.Invoker.invokeMethod(Invoker.java:714)
	at org.testng.internal.Invoker.invokeTestMethod(Invoker.java:901)
	at org.testng.internal.Invoker.invokeTestMethods(Invoker.java:1231)
	at org.testng.internal.TestMethodWorker.invokeTestMethods(TestMethodWorker.java:127)
	at org.testng.internal.TestMethodWorker.run(TestMethodWorker.java:111)
	at org.testng.TestRunner.privateRun(TestRunner.java:767)
	at org.testng.TestRunner.run(TestRunner.java:617)
	at org.testng.SuiteRunner.runTest(SuiteRunner.java:334)
	at org.testng.SuiteRunner.runSequentially(SuiteRunner.java:329)
	at org.testng.SuiteRunner.privateRun(SuiteRunner.java:291)
	at org.testng.SuiteRunner.run(SuiteRunner.java:240)
	at org.testng.SuiteRunnerWorker.runSuite(SuiteRunnerWorker.java:52)
	at org.testng.SuiteRunnerWorker.run(SuiteRunnerWorker.java:86)
	at org.testng.TestNG.runSuitesSequentially(TestNG.java:1198)
	at org.testng.TestNG.runSuitesLocally(TestNG.java:1123)
	at org.testng.TestNG.run(TestNG.java:1031)
	at org.apache.maven.surefire.testng.TestNGExecutor.run(TestNGExecutor.java:135)
	at org.apache.maven.surefire.testng.TestNGDirectoryTestSuite.executeSingleClass(TestNGDirectoryTestSuite.java:112)
	at org.apache.maven.surefire.testng.TestNGDirectoryTestSuite.execute(TestNGDirectoryTestSuite.java:99)
	at org.apache.maven.surefire.testng.TestNGProvider.invoke(TestNGProvider.java:146)
	at org.apache.maven.surefire.booter.ForkedBooter.invokeProviderInSameClassLoader(ForkedBooter.java:384)
	at org.apache.maven.surefire.booter.ForkedBooter.runSuitesInProcess(ForkedBooter.java:345)
	at org.apache.maven.surefire.booter.ForkedBooter.execute(ForkedBooter.java:126)
	at org.apache.maven.surefire.booter.ForkedBooter.main(ForkedBooter.java:418)
]]>
            </full-stacktrace>
          </exception> <!-- java.lang.RuntimeException -->
          <reporter-output>
          </reporter-output>
        </test-method> <!-- welcomePage_shouldLookGood_onDesktopDevice -->
        <test-method status="PASS" signature="quitDriver()[pri:0, instance:TestMethod@af6cff]" name="quitDriver" is-config="true" duration-ms="682" started-at="2019-04-03T00:13:44Z" finished-at="2019-04-03T00:13:45Z">
          <reporter-output>
          </reporter-output>
        </test-method> <!-- quitDriver -->
      </class> <!-- TestMethod -->
    </test> <!-- Surefire test -->
  </suite> <!-- Surefire suite -->
</testng-results>
