-------------------------------------------------------------------------------
Test set: TestMethod
-------------------------------------------------------------------------------
Tests run: 1, Failures: 1, Errors: 0, Skipped: 0, Time elapsed: 8.582 s <<< FAILURE! - in TestMethod
welcomePage_shouldLookGood_onDesktopDevice(TestMethod)  Time elapsed: 3.105 s  <<< FAILURE!
java.lang.RuntimeException: Incorrect layout: Check layout C:/GITRepo/BCTF/specs/homepage.spec
	at TestMethod.welcomePage_shouldLookGood_onDesktopDevice(TestMethod.java:39)

