<?xml version="1.0" encoding="UTF-8"?>
<testsuite xmlns:xsi="http://www.w3.org/2001/XMLSchema-instance" xsi:noNamespaceSchemaLocation="https://maven.apache.org/surefire/maven-surefire-plugin/xsd/surefire-test-report-3.0.xsd" version="3.0" name="TestMethod" time="8.582" tests="1" errors="0" skipped="0" failures="1">
  <properties>
[...]
</properties>
  <testcase name="welcomePage_shouldLookGood_onDesktopDevice" classname="TestMethod" time="3.105">
    <failure message="Incorrect layout: Check layout C:/GITRepo/BCTF/specs/homepage.spec" type="java.lang.RuntimeException">java.lang.RuntimeException: Incorrect layout: Check layout C:/GITRepo/BCTF/specs/homepage.spec
	at TestMethod.welcomePage_shouldLookGood_onDesktopDevice(TestMethod.java:39)
</failure>
    <system-err><![CDATA[Starting ChromeDriver 2.40.565498 (ea082db3280dd6843ebfb08a625e3eb905c4f5ab) on port 40246
Only local connections are allowed.
Apr 03, 2019 12:13:41 AM org.openqa.selenium.remote.ProtocolHandshake createSession
INFO: Detected dialect: OSS
]]></system-err>
  </testcase>
</testsuite>