<?xml version="1.0" encoding="UTF-8"?>
<testng-results skipped="0" failed="0" ignored="0" total="1" passed="1">
  <reporter-output>
  </reporter-output>
  <suite name="Default suite" duration-ms="16987" started-at="2019-04-02T19:16:27Z" finished-at="2019-04-02T19:16:44Z">
    <groups>
    </groups>
    <test name="Default test" duration-ms="16987" started-at="2019-04-02T19:16:27Z" finished-at="2019-04-02T19:16:44Z">
      <class name="TestMethod">
        <test-method status="PASS" signature="initDriver([Ljava.lang.Object;)[pri:0, instance:TestMethod@1fdc050]" name="initDriver" is-config="true" duration-ms="6666" started-at="2019-04-03T00:46:27Z" finished-at="2019-04-03T00:46:34Z">
          <params>
            <param index="0">
              <value>
                <![CDATA[[Ljava.lang.Object;@7216cd]]>
              </value>
            </param>
          </params>
          <reporter-output>
          </reporter-output>
        </test-method> <!-- initDriver -->
        <test-method status="PASS" signature="initReport(java.lang.reflect.Method)[pri:0, instance:TestMethod@1fdc050]" name="initReport" is-config="true" duration-ms="13" started-at="2019-04-03T00:46:34Z" finished-at="2019-04-03T00:46:34Z">
          <params>
            <param index="0">
              <value>
                <![CDATA[public void TestMethod.welcomePage_shouldLookGood_onDesktopDevice() throws java.io.IOException]]>
              </value>
            </param>
          </params>
          <reporter-output>
          </reporter-output>
        </test-method> <!-- initReport -->
        <test-method status="PASS" signature="welcomePage_shouldLookGood_onDesktopDevice()[pri:0, instance:TestMethod@1fdc050]" name="welcomePage_shouldLookGood_onDesktopDevice" duration-ms="9456" started-at="2019-04-03T00:46:34Z" finished-at="2019-04-03T00:46:43Z">
          <reporter-output>
          </reporter-output>
        </test-method> <!-- welcomePage_shouldLookGood_onDesktopDevice -->
        <test-method status="PASS" signature="quitDriver()[pri:0, instance:TestMethod@1fdc050]" name="quitDriver" is-config="true" duration-ms="796" started-at="2019-04-03T00:46:43Z" finished-at="2019-04-03T00:46:44Z">
          <reporter-output>
          </reporter-output>
        </test-method> <!-- quitDriver -->
      </class> <!-- TestMethod -->
    </test> <!-- Default test -->
  </suite> <!-- Default suite -->
</testng-results>
